013 6,2016 08:13:14 下午 : INFO [main] Training error: 0.48200839457223693
013 6,2016 08:13:14 下午 : INFO [main] Validation error: 0.48460651757968437
013 6,2016 08:13:14 下午 : INFO [main] ---------0's number is -----1901
013 6,2016 08:13:14 下午 : INFO [main] ---------1's number is -----1053
013 6,2016 08:13:14 下午 : INFO [main] ---------0->0-----1737-------Percentage = 0.9137296159915834
013 6,2016 08:13:14 下午 : INFO [main] ---------0->1-----164-------Percentage = 0.08627038400841662
013 6,2016 08:13:14 下午 : INFO [main] ---------1->1-----771-------Percentage = 0.7321937321937322
013 6,2016 08:13:14 下午 : INFO [main] ---------1->0-----282-------Percentage = 0.2678062678062678
013 6,2016 08:13:14 下午 : INFO [main] ----------0's---------Precision--------0.8603268945022289
013 6,2016 08:13:14 下午 : INFO [main] ----------0's---------Recall-------0.9137296159915834
013 6,2016 08:13:14 下午 : INFO [main] ----------1's---------Precision-------0.8245989304812834
013 6,2016 08:13:14 下午 : INFO [main] ----------1's---------Recall---------0.7321937321937322
013 6,2016 08:13:15 下午 : INFO [main] ---------0's number is -----1901
013 6,2016 08:13:15 下午 : INFO [main] ---------1's number is -----1053
013 6,2016 08:13:15 下午 : INFO [main] ---------0->0-----1865-------Percentage = 0.9810625986322988
013 6,2016 08:13:15 下午 : INFO [main] ---------0->1-----36-------Percentage = 0.01893740136770121
013 6,2016 08:13:15 下午 : INFO [main] ---------1->1-----220-------Percentage = 0.20892687559354226
013 6,2016 08:13:15 下午 : INFO [main] ---------1->0-----833-------Percentage = 0.7910731244064577
013 6,2016 08:13:15 下午 : INFO [main] ----------0's---------Precision--------0.6912527798369162
013 6,2016 08:13:15 下午 : INFO [main] ----------0's---------Recall-------0.9810625986322988
013 6,2016 08:13:15 下午 : INFO [main] ----------1's---------Precision-------0.859375
013 6,2016 08:13:15 下午 : INFO [main] ----------1's---------Recall---------0.20892687559354226
013 6,2016 08:13:57 下午 : INFO [main] [NormalizationHelper:
[ColumnDefinition:0(continuous);low=-1.000000,high=-0.105203,mean=-0.920355,sd=0.142307]
[ColumnDefinition:1(continuous);low=-0.998981,high=-0.104640,mean=-0.960674,sd=0.099613]
[ColumnDefinition:2(nominal);[0, 1]]
[ColumnDefinition:3(nominal);[2009, 4001, 2010, 1002, 1010, 1014, 2001, 1005, 1003, 5002, 4004, 4999, 2999, 1999, 1008, 1007, 0, 1006, 1001, 3001, 1011, 2012]]
[ColumnDefinition:4(continuous);low=-1.000000,high=0.955200,mean=-0.954095,sd=0.138141]
[ColumnDefinition:5(nominal);[4, 9, 1]]
[ColumnDefinition:6(continuous);low=-1.000000,high=0.450000,mean=-0.969702,sd=0.074108]
[ColumnDefinition:7(continuous);low=-1.000000,high=1.000000,mean=-0.962666,sd=0.088307]
[ColumnDefinition:8(continuous);low=-1.000000,high=0.981756,mean=-0.960002,sd=0.120209]
[ColumnDefinition:9(nominal);[1, 0]]
[ColumnDefinition:10(continuous);low=-1.000000,high=-0.609023,mean=-0.993404,sd=0.014337]
[ColumnDefinition:11(nominal);[0, 1]]
[ColumnDefinition:12(continuous);low=-1.000000,high=0.330499,mean=-0.994447,sd=0.038593]
[ColumnDefinition:13(continuous);low=-1.000000,high=1.000000,mean=-0.983140,sd=0.136092]
[ColumnDefinition:14(continuous);low=-1.000000,high=0.450000,mean=-0.970531,sd=0.064047]
[ColumnDefinition:15(continuous);low=-1.000000,high=0.603800,mean=-0.955181,sd=0.135150]
[ColumnDefinition:16(continuous);low=-1.000000,high=1.000000,mean=-0.964653,sd=0.077414]
[ColumnDefinition:17(continuous);low=-1.000000,high=0.013582,mean=-0.960343,sd=0.117118]
[ColumnDefinition:18(continuous);low=-1.000000,high=-0.609023,mean=-0.993298,sd=0.012536]
[ColumnDefinition:label(nominal);[0, 1]]
]
013 6,2016 08:13:59 下午 : INFO [main] Training error: 0.47527001918109985
013 6,2016 08:13:59 下午 : INFO [main] Validation error: 0.46320073887729896
013 6,2016 08:13:59 下午 : INFO [main] ---------0's number is -----1901
013 6,2016 08:13:59 下午 : INFO [main] ---------1's number is -----1053
013 6,2016 08:13:59 下午 : INFO [main] ---------0->0-----1769-------Percentage = 0.9305628616517623
013 6,2016 08:13:59 下午 : INFO [main] ---------0->1-----132-------Percentage = 0.06943713834823777
013 6,2016 08:13:59 下午 : INFO [main] ---------1->1-----722-------Percentage = 0.6856600189933523
013 6,2016 08:13:59 下午 : INFO [main] ---------1->0-----331-------Percentage = 0.3143399810066477
013 6,2016 08:13:59 下午 : INFO [main] ----------0's---------Precision--------0.8423809523809523
013 6,2016 08:13:59 下午 : INFO [main] ----------0's---------Recall-------0.9305628616517623
013 6,2016 08:13:59 下午 : INFO [main] ----------1's---------Precision-------0.8454332552693209
013 6,2016 08:13:59 下午 : INFO [main] ----------1's---------Recall---------0.6856600189933523
019 6,2016 08:19:49 下午 : INFO [main] [NormalizationHelper:
[ColumnDefinition:0(continuous);low=-1.000000,high=-0.105203,mean=-0.920355,sd=0.142307]
[ColumnDefinition:1(continuous);low=-0.998981,high=-0.104640,mean=-0.960674,sd=0.099613]
[ColumnDefinition:2(nominal);[0, 1]]
[ColumnDefinition:3(nominal);[2009, 4001, 2010, 1002, 1010, 1014, 2001, 1005, 1003, 5002, 4004, 4999, 2999, 1999, 1008, 1007, 0, 1006, 1001, 3001, 1011, 2012]]
[ColumnDefinition:4(continuous);low=-1.000000,high=0.955200,mean=-0.954095,sd=0.138141]
[ColumnDefinition:5(nominal);[4, 9, 1]]
[ColumnDefinition:6(continuous);low=-1.000000,high=0.450000,mean=-0.969702,sd=0.074108]
[ColumnDefinition:7(continuous);low=-1.000000,high=1.000000,mean=-0.962666,sd=0.088307]
[ColumnDefinition:8(continuous);low=-1.000000,high=0.981756,mean=-0.960002,sd=0.120209]
[ColumnDefinition:9(nominal);[1, 0]]
[ColumnDefinition:10(continuous);low=-1.000000,high=-0.609023,mean=-0.993404,sd=0.014337]
[ColumnDefinition:11(nominal);[0, 1]]
[ColumnDefinition:12(continuous);low=-1.000000,high=0.330499,mean=-0.994447,sd=0.038593]
[ColumnDefinition:13(continuous);low=-1.000000,high=1.000000,mean=-0.983140,sd=0.136092]
[ColumnDefinition:14(continuous);low=-1.000000,high=0.450000,mean=-0.970531,sd=0.064047]
[ColumnDefinition:15(continuous);low=-1.000000,high=0.603800,mean=-0.955181,sd=0.135150]
[ColumnDefinition:16(continuous);low=-1.000000,high=1.000000,mean=-0.964653,sd=0.077414]
[ColumnDefinition:17(continuous);low=-1.000000,high=0.013582,mean=-0.960343,sd=0.117118]
[ColumnDefinition:18(continuous);low=-1.000000,high=-0.609023,mean=-0.993298,sd=0.012536]
[ColumnDefinition:label(nominal);[0, 1]]
]
019 6,2016 08:19:51 下午 : INFO [main] Training error: 0.45427278258665077
019 6,2016 08:19:51 下午 : INFO [main] Validation error: 0.44332669864276064
019 6,2016 08:19:51 下午 : INFO [main] ---------0's number is -----1901
019 6,2016 08:19:51 下午 : INFO [main] ---------1's number is -----1053
019 6,2016 08:19:51 下午 : INFO [main] ---------0->0-----1751-------Percentage = 0.9210941609679116
019 6,2016 08:19:51 下午 : INFO [main] ---------0->1-----150-------Percentage = 0.07890583903208838
019 6,2016 08:19:51 下午 : INFO [main] ---------1->1-----745-------Percentage = 0.7075023741690408
019 6,2016 08:19:51 下午 : INFO [main] ---------1->0-----308-------Percentage = 0.2924976258309592
019 6,2016 08:19:51 下午 : INFO [main] ----------0's---------Precision--------0.850412821758135
019 6,2016 08:19:51 下午 : INFO [main] ----------0's---------Recall-------0.9210941609679116
019 6,2016 08:19:51 下午 : INFO [main] ----------1's---------Precision-------0.8324022346368715
019 6,2016 08:19:51 下午 : INFO [main] ----------1's---------Recall---------0.7075023741690408
019 6,2016 08:19:51 下午 : INFO [main] ---------0's number is -----1901
019 6,2016 08:19:51 下午 : INFO [main] ---------1's number is -----1053
019 6,2016 08:19:51 下午 : INFO [main] ---------0->0-----1751-------Percentage = 0.9210941609679116
019 6,2016 08:19:51 下午 : INFO [main] ---------0->1-----150-------Percentage = 0.07890583903208838
019 6,2016 08:19:51 下午 : INFO [main] ---------1->1-----745-------Percentage = 0.7075023741690408
019 6,2016 08:19:51 下午 : INFO [main] ---------1->0-----308-------Percentage = 0.2924976258309592
019 6,2016 08:19:51 下午 : INFO [main] ----------0's---------Precision--------0.850412821758135
019 6,2016 08:19:51 下午 : INFO [main] ----------0's---------Recall-------0.9210941609679116
019 6,2016 08:19:51 下午 : INFO [main] ----------1's---------Precision-------0.8324022346368715
019 6,2016 08:19:51 下午 : INFO [main] ----------1's---------Recall---------0.7075023741690408
022 6,2016 08:22:46 下午 : INFO [main] [NormalizationHelper:
[ColumnDefinition:0(continuous);low=0.000000,high=19,711.000000,mean=1,367.193286,sd=2,102.473194]
[ColumnDefinition:1(continuous);low=-13.000000,high=19,711.000000,mean=754.025695,sd=1,613.824687]
[ColumnDefinition:2(nominal);[1, 0]]
[ColumnDefinition:3(nominal);[2009, 4001, 1999, 2999, 1002, 2010, 1998, 1010, 1003, 2001, 4999, 1008, 1007, 1005, 0, 1014, 1001, 1006, 1011, 5002, 1004, 4004, 2007, 2002, 1013, 3001, 1012, 2012]]
[ColumnDefinition:4(continuous);low=0.000000,high=9,776,000.000000,mean=55,846.365903,sd=298,405.470040]
[ColumnDefinition:5(nominal);[4, 9, 1]]
[ColumnDefinition:6(continuous);low=0.000000,high=40.000000,mean=0.297420,sd=0.757204]
[ColumnDefinition:7(continuous);low=0.000000,high=28.000000,mean=0.247059,sd=0.538122]
[ColumnDefinition:8(continuous);low=0.000000,high=9,776,000.000000,mean=47,800.882600,sd=259,086.405389]
[ColumnDefinition:9(nominal);[0, 1]]
[ColumnDefinition:10(continuous);low=0.000000,high=528.000000,mean=1.705157,sd=5.505520]
[ColumnDefinition:11(nominal);[0, 1]]
[ColumnDefinition:12(continuous);low=0.000000,high=925.000000,mean=3.599452,sd=27.618410]
[ColumnDefinition:13(continuous);low=0.000000,high=3,611.000000,mean=44.329831,sd=301.556614]
[ColumnDefinition:14(continuous);low=0.000000,high=36.000000,mean=0.306262,sd=0.832539]
[ColumnDefinition:15(continuous);low=0.000000,high=9,776,000.000000,mean=54,906.354776,sd=287,201.069150]
[ColumnDefinition:16(continuous);low=0.000000,high=29.000000,mean=0.248421,sd=0.550231]
[ColumnDefinition:17(continuous);low=0.000000,high=8,982,000.000000,mean=47,048.517675,sd=253,043.894240]
[ColumnDefinition:18(continuous);low=0.000000,high=528.000000,mean=1.857134,sd=5.359431]
[ColumnDefinition:label(nominal);[0, 1]]
]
024 6,2016 08:24:18 下午 : INFO [main] Training error: 0.013700291876034986
024 6,2016 08:24:18 下午 : INFO [main] Validation error: 0.014047243848296193
024 6,2016 08:24:19 下午 : INFO [main] ---------0's number is -----252591
024 6,2016 08:24:19 下午 : INFO [main] ---------1's number is -----842
024 6,2016 08:24:19 下午 : INFO [main] ---------0->0-----252591-------Percentage = 1.0
024 6,2016 08:24:19 下午 : INFO [main] ---------0->1-----0-------Percentage = 0.0
024 6,2016 08:24:19 下午 : INFO [main] ---------1->1-----0-------Percentage = 0.0
024 6,2016 08:24:19 下午 : INFO [main] ---------1->0-----842-------Percentage = 1.0
024 6,2016 08:24:19 下午 : INFO [main] ----------0's---------Precision--------0.9966776228825764
024 6,2016 08:24:19 下午 : INFO [main] ----------0's---------Recall-------1.0
024 6,2016 08:24:19 下午 : INFO [main] ----------1's---------Precision-------NaN
024 6,2016 08:24:19 下午 : INFO [main] ----------1's---------Recall---------0.0
024 6,2016 08:24:19 下午 : INFO [main] ---------0's number is -----1901
024 6,2016 08:24:19 下午 : INFO [main] ---------1's number is -----1053
024 6,2016 08:24:19 下午 : INFO [main] ---------0->0-----1901-------Percentage = 1.0
024 6,2016 08:24:19 下午 : INFO [main] ---------0->1-----0-------Percentage = 0.0
024 6,2016 08:24:19 下午 : INFO [main] ---------1->1-----0-------Percentage = 0.0
024 6,2016 08:24:19 下午 : INFO [main] ---------1->0-----1053-------Percentage = 1.0
024 6,2016 08:24:19 下午 : INFO [main] ----------0's---------Precision--------0.6435341909275558
024 6,2016 08:24:19 下午 : INFO [main] ----------0's---------Recall-------1.0
024 6,2016 08:24:19 下午 : INFO [main] ----------1's---------Precision-------NaN
024 6,2016 08:24:19 下午 : INFO [main] ----------1's---------Recall---------0.0
025 6,2016 08:25:43 下午 : INFO [main] [NormalizationHelper:
[ColumnDefinition:0(continuous);low=-1.000000,high=-0.105203,mean=-0.920355,sd=0.142307]
[ColumnDefinition:1(continuous);low=-0.998981,high=-0.104640,mean=-0.960674,sd=0.099613]
[ColumnDefinition:2(nominal);[0, 1]]
[ColumnDefinition:3(nominal);[2009, 4001, 2010, 1002, 1010, 1014, 2001, 1005, 1003, 5002, 4004, 4999, 2999, 1999, 1008, 1007, 0, 1006, 1001, 3001, 1011, 2012]]
[ColumnDefinition:4(continuous);low=-1.000000,high=0.955200,mean=-0.954095,sd=0.138141]
[ColumnDefinition:5(nominal);[4, 9, 1]]
[ColumnDefinition:6(continuous);low=-1.000000,high=0.450000,mean=-0.969702,sd=0.074108]
[ColumnDefinition:7(continuous);low=-1.000000,high=1.000000,mean=-0.962666,sd=0.088307]
[ColumnDefinition:8(continuous);low=-1.000000,high=0.981756,mean=-0.960002,sd=0.120209]
[ColumnDefinition:9(nominal);[1, 0]]
[ColumnDefinition:10(continuous);low=-1.000000,high=-0.609023,mean=-0.993404,sd=0.014337]
[ColumnDefinition:11(nominal);[0, 1]]
[ColumnDefinition:12(continuous);low=-1.000000,high=0.330499,mean=-0.994447,sd=0.038593]
[ColumnDefinition:13(continuous);low=-1.000000,high=1.000000,mean=-0.983140,sd=0.136092]
[ColumnDefinition:14(continuous);low=-1.000000,high=0.450000,mean=-0.970531,sd=0.064047]
[ColumnDefinition:15(continuous);low=-1.000000,high=0.603800,mean=-0.955181,sd=0.135150]
[ColumnDefinition:16(continuous);low=-1.000000,high=1.000000,mean=-0.964653,sd=0.077414]
[ColumnDefinition:17(continuous);low=-1.000000,high=0.013582,mean=-0.960343,sd=0.117118]
[ColumnDefinition:18(continuous);low=-1.000000,high=-0.609023,mean=-0.993298,sd=0.012536]
[ColumnDefinition:label(nominal);[0, 1]]
]
025 6,2016 08:25:45 下午 : INFO [main] Training error: 0.46182216151579686
025 6,2016 08:25:45 下午 : INFO [main] Validation error: 0.45052036402884166
025 6,2016 08:25:45 下午 : INFO [main] ---------0's number is -----1901
025 6,2016 08:25:45 下午 : INFO [main] ---------1's number is -----1053
025 6,2016 08:25:45 下午 : INFO [main] ---------0->0-----1799-------Percentage = 0.9463440294581799
025 6,2016 08:25:45 下午 : INFO [main] ---------0->1-----102-------Percentage = 0.05365597054182009
025 6,2016 08:25:45 下午 : INFO [main] ---------1->1-----705-------Percentage = 0.6695156695156695
025 6,2016 08:25:45 下午 : INFO [main] ---------1->0-----348-------Percentage = 0.33048433048433046
025 6,2016 08:25:45 下午 : INFO [main] ----------0's---------Precision--------0.8379133674895203
025 6,2016 08:25:45 下午 : INFO [main] ----------0's---------Recall-------0.9463440294581799
025 6,2016 08:25:45 下午 : INFO [main] ----------1's---------Precision-------0.8736059479553904
025 6,2016 08:25:45 下午 : INFO [main] ----------1's---------Recall---------0.6695156695156695
025 6,2016 08:25:45 下午 : INFO [main] ---------0's number is -----1901
025 6,2016 08:25:45 下午 : INFO [main] ---------1's number is -----1053
025 6,2016 08:25:45 下午 : INFO [main] ---------0->0-----1799-------Percentage = 0.9463440294581799
025 6,2016 08:25:45 下午 : INFO [main] ---------0->1-----102-------Percentage = 0.05365597054182009
025 6,2016 08:25:45 下午 : INFO [main] ---------1->1-----705-------Percentage = 0.6695156695156695
025 6,2016 08:25:45 下午 : INFO [main] ---------1->0-----348-------Percentage = 0.33048433048433046
025 6,2016 08:25:45 下午 : INFO [main] ----------0's---------Precision--------0.8379133674895203
025 6,2016 08:25:45 下午 : INFO [main] ----------0's---------Recall-------0.9463440294581799
025 6,2016 08:25:45 下午 : INFO [main] ----------1's---------Precision-------0.8736059479553904
025 6,2016 08:25:45 下午 : INFO [main] ----------1's---------Recall---------0.6695156695156695
